<?xml version="1.0" encoding="UTF-8"?>
<!-- Generated by org.testng.reporters.JUnitXMLReporter -->
<testsuite ignored="7" hostname="CICTRELWKSL308" failures="0" tests="1" name="Default test" time="34.407" errors="0" timestamp="2022-06-14T10:09:35 SGT">
  <testcase classname="projectEARF.FunctionalTestEARF" name="EARFWebPage" time="29.463"/>
  <testcase classname="projectEARF.FunctionalTestEARF" name="EARF3ndTest" time="0.0">
    <ignored/>
  </testcase> <!-- EARF3ndTest -->
  <testcase classname="projectEARF.FunctionalTestEARF" name="EARF2ndTest" time="0.0">
    <ignored/>
  </testcase> <!-- EARF2ndTest -->
  <testcase classname="projectEARF.FunctionalTestEARF" name="EARF4thTest" time="0.0">
    <ignored/>
  </testcase> <!-- EARF4thTest -->
  <testcase classname="projectEARF.FunctionalTestEARF" name="EARF7thTest" time="0.0">
    <ignored/>
  </testcase> <!-- EARF7thTest -->
  <testcase classname="projectEARF.FunctionalTestEARF" name="EARF5thTest" time="0.0">
    <ignored/>
  </testcase> <!-- EARF5thTest -->
  <testcase classname="projectEARF.FunctionalTestEARF" name="EARF8thTest" time="0.0">
    <ignored/>
  </testcase> <!-- EARF8thTest -->
  <testcase classname="projectEARF.FunctionalTestEARF" name="EARF1stTest" time="0.0">
    <ignored/>
  </testcase> <!-- EARF1stTest -->
</testsuite> <!-- Default test -->
