<?xml version="1.0" encoding="UTF-8"?>
<!-- Generated by org.testng.reporters.JUnitXMLReporter -->
<testsuite ignored="0" hostname="CICTRELWKSL308" failures="0" tests="8" name="Default test" time="127.575" errors="0" timestamp="2022-06-14T08:06:30 SGT">
  <testcase classname="projectEARF.FunctionalTestEARF" name="EARF1stTest" time="9.984"/>
  <testcase classname="projectEARF.FunctionalTestEARF" name="EARF2ndTest" time="9.75"/>
  <testcase classname="projectEARF.FunctionalTestEARF" name="EARF3ndTest" time="10.143"/>
  <testcase classname="projectEARF.FunctionalTestEARF" name="EARF4thTest" time="8.784"/>
  <testcase classname="projectEARF.FunctionalTestEARF" name="EARF5thTest" time="9.77"/>
  <testcase classname="projectEARF.FunctionalTestEARF" name="EARF7thTest" time="6.032"/>
  <testcase classname="projectEARF.FunctionalTestEARF" name="EARF8thTest" time="17.864"/>
  <testcase classname="projectEARF.FunctionalTestEARF" name="EARFWebPage" time="29.47"/>
</testsuite> <!-- Default test -->
