<?xml version="1.0" encoding="UTF-8"?>
<testng-results ignored="7" total="8" passed="1" failed="0" skipped="0">
  <reporter-output>
  </reporter-output>
  <suite started-at="2022-06-14T10:09:00 SGT" name="Default suite" finished-at="2022-06-14T10:09:35 SGT" duration-ms="34407">
    <groups>
    </groups>
    <test started-at="2022-06-14T10:09:00 SGT" name="Default test" finished-at="2022-06-14T10:09:35 SGT" duration-ms="34407">
      <class name="projectEARF.FunctionalTestEARF">
        <test-method is-config="true" signature="extent()[pri:0, instance:projectEARF.FunctionalTestEARF@169bb4dd]" started-at="2022-06-14T10:09:00 SGT" name="extent" finished-at="2022-06-14T10:09:00 SGT" duration-ms="856" status="PASS">
          <reporter-output>
          </reporter-output>
        </test-method> <!-- extent -->
        <test-method is-config="true" signature="setUp()[pri:0, instance:projectEARF.FunctionalTestEARF@169bb4dd]" started-at="2022-06-14T10:09:00 SGT" name="setUp" finished-at="2022-06-14T10:09:05 SGT" duration-ms="4475" status="PASS">
          <reporter-output>
          </reporter-output>
        </test-method> <!-- setUp -->
        <test-method signature="EARFWebPage()[pri:7, instance:projectEARF.FunctionalTestEARF@169bb4dd]" started-at="2022-06-14T10:09:05 SGT" name="EARFWebPage" finished-at="2022-06-14T10:09:34 SGT" duration-ms="29463" status="PASS">
          <reporter-output>
          </reporter-output>
        </test-method> <!-- EARFWebPage -->
        <test-method is-config="true" signature="teardown()[pri:0, instance:projectEARF.FunctionalTestEARF@169bb4dd]" started-at="2022-06-14T10:09:34 SGT" name="teardown" finished-at="2022-06-14T10:09:35 SGT" duration-ms="404" status="PASS">
          <reporter-output>
          </reporter-output>
        </test-method> <!-- teardown -->
        <test-method is-config="true" signature="finish()[pri:0, instance:projectEARF.FunctionalTestEARF@169bb4dd]" started-at="2022-06-14T10:09:35 SGT" name="finish" finished-at="2022-06-14T10:09:36 SGT" duration-ms="653" status="PASS">
          <reporter-output>
          </reporter-output>
        </test-method> <!-- finish -->
      </class> <!-- projectEARF.FunctionalTestEARF -->
    </test> <!-- Default test -->
  </suite> <!-- Default suite -->
</testng-results>
